<?xml version="1.0" encoding="UTF-8"?>
<!-- Generated by org.testng.reporters.JUnitXMLReporter -->
<testsuite hostname="DESKTOP-IPRP17D" ignored="0" name="Default test(failed)" tests="1" failures="1" timestamp="15 Jun 2019 01:30:02 GMT" time="0.618" errors="0">
  <testcase name="readExcel" time="0.589" classname="com.syntax.testcases.ExcelDemo">
    <failure type="java.lang.NullPointerException">
      <![CDATA[java.lang.NullPointerException
at com.syntax.testcases.ExcelDemo.readExcel(ExcelDemo.java:23)
... Removed 25 stack frames]]>
    </failure>
  </testcase> <!-- readExcel -->
</testsuite> <!-- Default test(failed) -->
