<?xml version="1.0" encoding="UTF-8"?>
<!-- Generated by org.testng.reporters.JUnitXMLReporter -->
<testsuite hostname="DESKTOP-IPRP17D" ignored="6" name="Smoke Test" tests="3" failures="0" timestamp="18 Jun 2019 20:58:31 GMT" time="21.065" errors="0">
  <testcase name="doLogin" time="3.351" classname="com.syntax.testcases.LoginPageTest"/>
  <testcase name="loginFailedEmptyCredentials" time="0.336" classname="com.syntax.testcases.LoginPageTest"/>
  <testcase name="loginToOrangeHRM" time="2.358" classname="com.syntax.testcases.LoginPageTest"/>
  <testcase name="loginFailedPassword" time="0.0" classname="com.syntax.testcases.LoginPageTest">
    <ignored/>
  </testcase> <!-- loginFailedPassword -->
  <testcase name="addEmployee" time="0.0" classname="com.syntax.testcases.AddEmployeePageTest">
    <ignored/>
  </testcase> <!-- addEmployee -->
  <testcase name="testing" time="0.0" classname="com.syntax.testcases.ArrayReview">
    <ignored/>
  </testcase> <!-- testing -->
  <testcase name="@BeforeTest generateReport" time="0.0" classname="com.syntax.utils.BaseClass">
    <ignored/>
  </testcase> <!-- @BeforeTest generateReport -->
  <testcase name="@AfterTest flushReport" time="0.0" classname="com.syntax.utils.BaseClass">
    <ignored/>
  </testcase> <!-- @AfterTest flushReport -->
  <testcase name="loginFailedUsername" time="0.0" classname="com.syntax.testcases.LoginPageTest">
    <ignored/>
  </testcase> <!-- loginFailedUsername -->
</testsuite> <!-- Smoke Test -->
