<?xml version="1.0" encoding="UTF-8"?>
<!-- Generated by org.testng.reporters.JUnitXMLReporter -->
<testsuite hostname="DESKTOP-IPRP17D" ignored="6" name="Regression Test" tests="12" failures="0" timestamp="16 Jun 2019 16:15:15 GMT" time="58.115" errors="0">
  <testcase name="@BeforeTest generateReport" time="0.224" classname="com.syntax.utils.BaseClass">
    <failure type="java.lang.NullPointerException">
      <![CDATA[java.lang.NullPointerException
at com.syntax.utils.ConfigsReader.getProperty(ConfigsReader.java:27)
at com.syntax.utils.BaseClass.generateReport(BaseClass.java:64)
... Removed 24 stack frames]]>
    </failure>
  </testcase> <!-- @BeforeTest generateReport -->
  <testcase name="addEmployee" time="0.0" classname="com.syntax.testcases.AddEmployeePageTest">
    <skipped/>
  </testcase> <!-- addEmployee -->
  <testcase name="addEmployee" time="0.0" classname="com.syntax.testcases.AddEmployeePageTest">
    <skipped/>
  </testcase> <!-- addEmployee -->
  <testcase name="addEmployee" time="0.0" classname="com.syntax.testcases.AddEmployeePageTest">
    <skipped/>
  </testcase> <!-- addEmployee -->
  <testcase name="addEmployee" time="0.0" classname="com.syntax.testcases.AddEmployeePageTest">
    <skipped/>
  </testcase> <!-- addEmployee -->
  <testcase name="addEmployee" time="0.0" classname="com.syntax.testcases.AddEmployeePageTest">
    <skipped/>
  </testcase> <!-- addEmployee -->
  <testcase name="addEmployee" time="0.0" classname="com.syntax.testcases.AddEmployeePageTest">
    <skipped/>
  </testcase> <!-- addEmployee -->
  <testcase name="addEmployee" time="0.0" classname="com.syntax.testcases.AddEmployeePageTest">
    <skipped/>
  </testcase> <!-- addEmployee -->
  <testcase name="addEmployee" time="0.0" classname="com.syntax.testcases.AddEmployeePageTest">
    <skipped/>
  </testcase> <!-- addEmployee -->
  <testcase name="addEmployee" time="0.0" classname="com.syntax.testcases.AddEmployeePageTest">
    <skipped/>
  </testcase> <!-- addEmployee -->
  <testcase name="addEmployee" time="0.0" classname="com.syntax.testcases.AddEmployeePageTest">
    <skipped/>
  </testcase> <!-- addEmployee -->
  <testcase name="loginFailedPassword" time="0.0" classname="com.syntax.testcases.LoginPageTest">
    <skipped/>
  </testcase> <!-- loginFailedPassword -->
  <testcase name="loginFailedUsername" time="0.0" classname="com.syntax.testcases.LoginPageTest">
    <skipped/>
  </testcase> <!-- loginFailedUsername -->
  <testcase name="doLogin" time="0.0" classname="com.syntax.testcases.LoginPageTest">
    <ignored/>
  </testcase> <!-- doLogin -->
  <testcase name="testing" time="0.0" classname="com.syntax.testcases.ArrayReview">
    <ignored/>
  </testcase> <!-- testing -->
  <testcase name="@BeforeTest generateReport" time="0.0" classname="com.syntax.utils.BaseClass">
    <ignored/>
  </testcase> <!-- @BeforeTest generateReport -->
  <testcase name="loginFailedEmptyCredentials" time="0.0" classname="com.syntax.testcases.LoginPageTest">
    <ignored/>
  </testcase> <!-- loginFailedEmptyCredentials -->
  <testcase name="@AfterTest flushReport" time="0.0" classname="com.syntax.utils.BaseClass">
    <ignored/>
  </testcase> <!-- @AfterTest flushReport -->
  <testcase name="loginToOrangeHRM" time="0.0" classname="com.syntax.testcases.LoginPageTest">
    <ignored/>
  </testcase> <!-- loginToOrangeHRM -->
</testsuite> <!-- Regression Test -->
